thartwel@bucknell.edu
cmauriello00@hotmail.com
kenny_taga@hotmail.com
justinswhite@hotmail.com
afeldmanus@yahoo.com
scheuster@yahoo.com
dsiller@yahoo.com
ithorpe@backpacker.com
mdiamond63@hotmail.com
mob1212@yahoo.com
wisepr@alum.bucknell.edu
danheckman@yahoo.com
sanatan@hotmail.com
gregg_lithgow@yahoo.com
itsnumballover@hotmail.com
mathalot@yahoo.com
s_wallbrown@hotmail.com
stgrimes@indiana.edu
sdiperna@randomhouse.com
rboyce@tulane.edu
ejciv@hotmail.com
bush.128@osu.edu
bbotteicher@hotmail.com
BrianGale@alum.bucknell.edu
robert_jacob@brown.edu
slacz@mtac.com
gavin_roush@hotmail.com
ericaxler@hotmail.com
caw4r@duke.edu
doug.bruhns@pobox.com
kevinburnham@hotmail.com
pgyori@hotmail.com
brian.h.king@colorado.edu
mmctamma@vt.edu
ploszay@alum.bucknell.edu
jsaundusa@netscape.net
billtrondsen@yahoo.com
jzendt@nwinfo.net
bmoser@ups.com
jhwar@hotmail.com
kleinbrett@aol.com
hsujh@apci.com
cwsings@aol.com
toddlieb@alum.bucknell.edu
smp@netcarrier.com
jeffrey.florman@vtmednet.org
dmiller@gmx.net
toverich@hotmail.com
habo@mail.ptd.net
scottc@holcosales.com
kellyintn@msn.com
r.lee@twilliams.com
wls0606@aol.com
